                                    ********
                                  **        **
                                 *            *
                                **            **
                                **            **
                                 **          **
                                  **        **
                                    ********
                                      ****
                                      ****
        ****                          ****
     ******                           ****                                 ***
  ****************************************************************************
    *******                           ****                                 ***
        ****                          ****
                                       **
                                       **


             *****      **     *****     ** **       **     **   **
               **       **     **  *     ***         **     **** **
              **        **     *****     ****        **     **  ***
             ******     **     **        **  **      **     **   **

:: Powered by Spring Boot ::         (v2.0.3.RELEASE)

2018-07-02 22:21:21.432  INFO 60944 --- [           main] z.s.ZipkinServer                         : Starting ZipkinServer on liyijundeMacBook-Air.local with PID 60944 (/Users/darlenelee/Documents/sjtu17/SE417/springcloud-tut/springcloud-hw/zipkin.jar started by darlenelee in /Users/darlenelee/Documents/sjtu17/SE417/springcloud-tut/springcloud-hw)
2018-07-02 22:21:21.469  INFO 60944 --- [           main] z.s.ZipkinServer                         : The following profiles are active: shared
2018-07-02 22:21:21.713  INFO 60944 --- [           main] ConfigServletWebServerApplicationContext : Refreshing org.springframework.boot.web.servlet.context.AnnotationConfigServletWebServerApplicationContext@5442a311: startup date [Mon Jul 02 22:21:21 CST 2018]; root of context hierarchy
2018-07-02 22:21:24.811  INFO 60944 --- [           main] o.s.b.f.s.DefaultListableBeanFactory     : Overriding bean definition for bean 'characterEncodingFilter' with a different definition: replacing [Root bean: class [null]; scope=; abstract=false; lazyInit=false; autowireMode=3; dependencyCheck=0; autowireCandidate=true; primary=false; factoryBeanName=org.springframework.boot.autoconfigure.web.servlet.HttpEncodingAutoConfiguration; factoryMethodName=characterEncodingFilter; initMethodName=null; destroyMethodName=(inferred); defined in class path resource [org/springframework/boot/autoconfigure/web/servlet/HttpEncodingAutoConfiguration.class]] with [Root bean: class [null]; scope=; abstract=false; lazyInit=false; autowireMode=3; dependencyCheck=0; autowireCandidate=true; primary=false; factoryBeanName=zipkin.autoconfigure.ui.ZipkinUiAutoConfiguration; factoryMethodName=characterEncodingFilter; initMethodName=null; destroyMethodName=(inferred); defined in class path resource [zipkin/autoconfigure/ui/ZipkinUiAutoConfiguration.class]]
2018-07-02 22:21:27.402  INFO 60944 --- [           main] o.xnio                                   : XNIO version 3.3.8.Final
2018-07-02 22:21:27.508  INFO 60944 --- [           main] o.x.nio                                  : XNIO NIO Implementation Version 3.3.8.Final
2018-07-02 22:21:27.944  WARN 60944 --- [           main] i.u.w.jsr                                : UT026009: XNIO worker was not set on WebSocketDeploymentInfo, the default worker will be used
2018-07-02 22:21:27.944  WARN 60944 --- [           main] i.u.w.jsr                                : UT026010: Buffer pool was not set on WebSocketDeploymentInfo, the default pool will be used
2018-07-02 22:21:28.056  INFO 60944 --- [           main] i.u.servlet                              : Initializing Spring embedded WebApplicationContext
2018-07-02 22:21:28.057  INFO 60944 --- [           main] o.s.w.c.ContextLoader                    : Root WebApplicationContext: initialization completed in 6365 ms
2018-07-02 22:21:29.186  INFO 60944 --- [           main] o.s.b.w.s.ServletRegistrationBean        : Servlet dispatcherServlet mapped to [/]
2018-07-02 22:21:29.221  INFO 60944 --- [           main] o.s.b.w.s.FilterRegistrationBean         : Mapping filter: 'hiddenHttpMethodFilter' to: [/*]
2018-07-02 22:21:29.222  INFO 60944 --- [           main] o.s.b.w.s.FilterRegistrationBean         : Mapping filter: 'httpPutFormContentFilter' to: [/*]
2018-07-02 22:21:29.222  INFO 60944 --- [           main] o.s.b.w.s.FilterRegistrationBean         : Mapping filter: 'requestContextFilter' to: [/*]
2018-07-02 22:21:29.223  INFO 60944 --- [           main] o.s.b.w.s.FilterRegistrationBean         : Mapping filter: 'httpTraceFilter' to: [/*]
2018-07-02 22:21:29.223  INFO 60944 --- [           main] o.s.b.w.s.FilterRegistrationBean         : Mapping filter: 'webMvcMetricsFilter' to: [/*]
2018-07-02 22:21:29.223  INFO 60944 --- [           main] o.s.b.w.s.FilterRegistrationBean         : Mapping filter: 'characterEncodingFilter' to: [/*]
2018-07-02 22:21:30.406  INFO 60944 --- [           main] s.w.s.m.m.a.RequestMappingHandlerAdapter : Looking for @ControllerAdvice: org.springframework.boot.web.servlet.context.AnnotationConfigServletWebServerApplicationContext@5442a311: startup date [Mon Jul 02 22:21:21 CST 2018]; root of context hierarchy
2018-07-02 22:21:30.702  INFO 60944 --- [           main] s.w.s.m.m.a.RequestMappingHandlerMapping : Mapped "{[/api/v1/services],methods=[GET]}" onto public org.springframework.http.ResponseEntity<java.util.List<java.lang.String>> zipkin.server.internal.ZipkinQueryApiV1.getServiceNames()
2018-07-02 22:21:30.704  INFO 60944 --- [           main] s.w.s.m.m.a.RequestMappingHandlerMapping : Mapped "{[/api/v1/spans],methods=[GET]}" onto public org.springframework.http.ResponseEntity<java.util.List<java.lang.String>> zipkin.server.internal.ZipkinQueryApiV1.getSpanNames(java.lang.String)
2018-07-02 22:21:30.705  INFO 60944 --- [           main] s.w.s.m.m.a.RequestMappingHandlerMapping : Mapped "{[/api/v1/traces],methods=[GET],produces=[application/json]}" onto public java.lang.String zipkin.server.internal.ZipkinQueryApiV1.getTraces(java.lang.String,java.lang.String,java.lang.String,java.lang.Long,java.lang.Long,java.lang.Long,java.lang.Long,java.lang.Integer)
2018-07-02 22:21:30.706  INFO 60944 --- [           main] s.w.s.m.m.a.RequestMappingHandlerMapping : Mapped "{[/api/v1/trace/{traceIdHex}],methods=[GET],produces=[application/json]}" onto public java.lang.String zipkin.server.internal.ZipkinQueryApiV1.getTrace(java.lang.String,org.springframework.web.context.request.WebRequest)
2018-07-02 22:21:30.706  INFO 60944 --- [           main] s.w.s.m.m.a.RequestMappingHandlerMapping : Mapped "{[/api/v1/dependencies],methods=[GET],produces=[application/json]}" onto public byte[] zipkin.server.internal.ZipkinQueryApiV1.getDependencies(long,java.lang.Long)
2018-07-02 22:21:30.715  INFO 60944 --- [           main] s.w.s.m.m.a.RequestMappingHandlerMapping : Mapped "{[/metrics],methods=[GET]}" onto public com.fasterxml.jackson.databind.node.ObjectNode zipkin.server.internal.MetricsHealthController.fetchMetricsFromMicrometer()
2018-07-02 22:21:30.716  INFO 60944 --- [           main] s.w.s.m.m.a.RequestMappingHandlerMapping : Mapped "{[/health],methods=[GET]}" onto public org.springframework.http.ResponseEntity<java.util.Map> zipkin.server.internal.MetricsHealthController.getHealth()
2018-07-02 22:21:30.721  INFO 60944 --- [           main] s.w.s.m.m.a.RequestMappingHandlerMapping : Mapped "{[/api/v2/services],methods=[GET]}" onto public org.springframework.http.ResponseEntity<java.util.List<java.lang.String>> zipkin.server.internal.ZipkinQueryApiV2.getServiceNames() throws java.io.IOException
2018-07-02 22:21:30.722  INFO 60944 --- [           main] s.w.s.m.m.a.RequestMappingHandlerMapping : Mapped "{[/api/v2/spans],methods=[GET]}" onto public org.springframework.http.ResponseEntity<java.util.List<java.lang.String>> zipkin.server.internal.ZipkinQueryApiV2.getSpanNames(java.lang.String) throws java.io.IOException
2018-07-02 22:21:30.722  INFO 60944 --- [           main] s.w.s.m.m.a.RequestMappingHandlerMapping : Mapped "{[/api/v2/traces],methods=[GET],produces=[application/json]}" onto public java.lang.String zipkin.server.internal.ZipkinQueryApiV2.getTraces(java.lang.String,java.lang.String,java.lang.String,java.lang.Long,java.lang.Long,java.lang.Long,java.lang.Long,int) throws java.io.IOException
2018-07-02 22:21:30.723  INFO 60944 --- [           main] s.w.s.m.m.a.RequestMappingHandlerMapping : Mapped "{[/api/v2/trace/{traceIdHex}],methods=[GET],produces=[application/json]}" onto public java.lang.String zipkin.server.internal.ZipkinQueryApiV2.getTrace(java.lang.String,org.springframework.web.context.request.WebRequest) throws java.io.IOException
2018-07-02 22:21:30.723  INFO 60944 --- [           main] s.w.s.m.m.a.RequestMappingHandlerMapping : Mapped "{[/api/v2/dependencies],methods=[GET],produces=[application/json]}" onto public byte[] zipkin.server.internal.ZipkinQueryApiV2.getDependencies(long,java.lang.Long) throws java.io.IOException
2018-07-02 22:21:30.732  INFO 60944 --- [           main] s.w.s.m.m.a.RequestMappingHandlerMapping : Mapped "{[/error]}" onto public org.springframework.http.ResponseEntity<java.util.Map<java.lang.String, java.lang.Object>> org.springframework.boot.autoconfigure.web.servlet.error.BasicErrorController.error(javax.servlet.http.HttpServletRequest)
2018-07-02 22:21:30.734  INFO 60944 --- [           main] s.w.s.m.m.a.RequestMappingHandlerMapping : Mapped "{[/error],produces=[text/html]}" onto public org.springframework.web.servlet.ModelAndView org.springframework.boot.autoconfigure.web.servlet.error.BasicErrorController.errorHtml(javax.servlet.http.HttpServletRequest,javax.servlet.http.HttpServletResponse)
2018-07-02 22:21:30.746  INFO 60944 --- [           main] s.w.s.m.m.a.RequestMappingHandlerMapping : Mapped "{[/favicon.ico],methods=[GET]}" onto public org.springframework.web.servlet.ModelAndView zipkin.autoconfigure.ui.ZipkinUiAutoConfiguration.favicon()
2018-07-02 22:21:30.746  INFO 60944 --- [           main] s.w.s.m.m.a.RequestMappingHandlerMapping : Mapped "{[/zipkin/config.json],methods=[GET]}" onto public org.springframework.http.ResponseEntity<zipkin.autoconfigure.ui.ZipkinUiProperties> zipkin.autoconfigure.ui.ZipkinUiAutoConfiguration.serveUiConfig()
2018-07-02 22:21:30.747  INFO 60944 --- [           main] s.w.s.m.m.a.RequestMappingHandlerMapping : Mapped "{[/zipkin/index.html],methods=[GET]}" onto public org.springframework.http.ResponseEntity<?> zipkin.autoconfigure.ui.ZipkinUiAutoConfiguration.serveIndex() throws java.io.IOException
2018-07-02 22:21:30.748  INFO 60944 --- [           main] s.w.s.m.m.a.RequestMappingHandlerMapping : Mapped "{[/zipkin/ || /zipkin/traces/{id} || /zipkin/dependency || /zipkin/traceViewer],methods=[GET]}" onto public org.springframework.web.servlet.ModelAndView zipkin.autoconfigure.ui.ZipkinUiAutoConfiguration.forwardUiEndpoints()
2018-07-02 22:21:30.748  INFO 60944 --- [           main] s.w.s.m.m.a.RequestMappingHandlerMapping : Mapped "{[/zipkin/api/**],methods=[GET]}" onto public org.springframework.web.servlet.ModelAndView zipkin.autoconfigure.ui.ZipkinUiAutoConfiguration.forwardApi(javax.servlet.http.HttpServletRequest)
2018-07-02 22:21:30.749  INFO 60944 --- [           main] s.w.s.m.m.a.RequestMappingHandlerMapping : Mapped "{[/],methods=[GET]}" onto public void zipkin.autoconfigure.ui.ZipkinUiAutoConfiguration.redirectRoot(javax.servlet.http.HttpServletResponse) throws java.io.IOException
2018-07-02 22:21:30.790  INFO 60944 --- [           main] o.s.w.s.h.SimpleUrlHandlerMapping        : Mapped URL path [/info] onto handler of type [class org.springframework.web.servlet.mvc.ParameterizableViewController]
2018-07-02 22:21:30.790  INFO 60944 --- [           main] o.s.w.s.h.SimpleUrlHandlerMapping        : Mapped URL path [/prometheus] onto handler of type [class org.springframework.web.servlet.mvc.ParameterizableViewController]
2018-07-02 22:21:30.836  INFO 60944 --- [           main] o.s.w.s.h.SimpleUrlHandlerMapping        : Mapped URL path [/webjars/**] onto handler of type [class org.springframework.web.servlet.resource.ResourceHttpRequestHandler]
2018-07-02 22:21:30.836  INFO 60944 --- [           main] o.s.w.s.h.SimpleUrlHandlerMapping        : Mapped URL path [/**] onto handler of type [class org.springframework.web.servlet.resource.ResourceHttpRequestHandler]
2018-07-02 22:21:30.836  INFO 60944 --- [           main] o.s.w.s.h.SimpleUrlHandlerMapping        : Mapped URL path [/zipkin/**] onto handler of type [class org.springframework.web.servlet.resource.ResourceHttpRequestHandler]
2018-07-02 22:21:31.877  INFO 60944 --- [           main] c.d.d.core                               : DataStax Java driver 3.5.0 for Apache Cassandra
2018-07-02 22:21:31.959  INFO 60944 --- [           main] c.d.d.c.GuavaCompatibility               : Detected Guava >= 19 in the classpath, using modern compatibility layer
2018-07-02 22:21:33.000  INFO 60944 --- [           main] c.d.d.c.ClockFactory                     : Using native clock to generate timestamps.
2018-07-02 22:21:33.555  INFO 60944 --- [           main] o.s.b.a.e.w.EndpointLinksResolver        : Exposing 15 endpoint(s) beneath base path '/actuator'
2018-07-02 22:21:33.591  INFO 60944 --- [           main] s.b.a.e.w.s.WebMvcEndpointHandlerMapping : Mapped "{[/actuator/auditevents],methods=[GET],produces=[application/vnd.spring-boot.actuator.v2+json || application/json]}" onto public java.lang.Object org.springframework.boot.actuate.endpoint.web.servlet.AbstractWebMvcEndpointHandlerMapping$OperationHandler.handle(javax.servlet.http.HttpServletRequest,java.util.Map<java.lang.String, java.lang.String>)
2018-07-02 22:21:33.593  INFO 60944 --- [           main] s.b.a.e.w.s.WebMvcEndpointHandlerMapping : Mapped "{[/actuator/beans],methods=[GET],produces=[application/vnd.spring-boot.actuator.v2+json || application/json]}" onto public java.lang.Object org.springframework.boot.actuate.endpoint.web.servlet.AbstractWebMvcEndpointHandlerMapping$OperationHandler.handle(javax.servlet.http.HttpServletRequest,java.util.Map<java.lang.String, java.lang.String>)
2018-07-02 22:21:33.594  INFO 60944 --- [           main] s.b.a.e.w.s.WebMvcEndpointHandlerMapping : Mapped "{[/actuator/health],methods=[GET],produces=[application/vnd.spring-boot.actuator.v2+json || application/json]}" onto public java.lang.Object org.springframework.boot.actuate.endpoint.web.servlet.AbstractWebMvcEndpointHandlerMapping$OperationHandler.handle(javax.servlet.http.HttpServletRequest,java.util.Map<java.lang.String, java.lang.String>)
2018-07-02 22:21:33.594  INFO 60944 --- [           main] s.b.a.e.w.s.WebMvcEndpointHandlerMapping : Mapped "{[/actuator/conditions],methods=[GET],produces=[application/vnd.spring-boot.actuator.v2+json || application/json]}" onto public java.lang.Object org.springframework.boot.actuate.endpoint.web.servlet.AbstractWebMvcEndpointHandlerMapping$OperationHandler.handle(javax.servlet.http.HttpServletRequest,java.util.Map<java.lang.String, java.lang.String>)
2018-07-02 22:21:33.595  INFO 60944 --- [           main] s.b.a.e.w.s.WebMvcEndpointHandlerMapping : Mapped "{[/actuator/configprops],methods=[GET],produces=[application/vnd.spring-boot.actuator.v2+json || application/json]}" onto public java.lang.Object org.springframework.boot.actuate.endpoint.web.servlet.AbstractWebMvcEndpointHandlerMapping$OperationHandler.handle(javax.servlet.http.HttpServletRequest,java.util.Map<java.lang.String, java.lang.String>)
2018-07-02 22:21:33.595  INFO 60944 --- [           main] s.b.a.e.w.s.WebMvcEndpointHandlerMapping : Mapped "{[/actuator/env],methods=[GET],produces=[application/vnd.spring-boot.actuator.v2+json || application/json]}" onto public java.lang.Object org.springframework.boot.actuate.endpoint.web.servlet.AbstractWebMvcEndpointHandlerMapping$OperationHandler.handle(javax.servlet.http.HttpServletRequest,java.util.Map<java.lang.String, java.lang.String>)
2018-07-02 22:21:33.596  INFO 60944 --- [           main] s.b.a.e.w.s.WebMvcEndpointHandlerMapping : Mapped "{[/actuator/env/{toMatch}],methods=[GET],produces=[application/vnd.spring-boot.actuator.v2+json || application/json]}" onto public java.lang.Object org.springframework.boot.actuate.endpoint.web.servlet.AbstractWebMvcEndpointHandlerMapping$OperationHandler.handle(javax.servlet.http.HttpServletRequest,java.util.Map<java.lang.String, java.lang.String>)
2018-07-02 22:21:33.597  INFO 60944 --- [           main] s.b.a.e.w.s.WebMvcEndpointHandlerMapping : Mapped "{[/actuator/info],methods=[GET],produces=[application/vnd.spring-boot.actuator.v2+json || application/json]}" onto public java.lang.Object org.springframework.boot.actuate.endpoint.web.servlet.AbstractWebMvcEndpointHandlerMapping$OperationHandler.handle(javax.servlet.http.HttpServletRequest,java.util.Map<java.lang.String, java.lang.String>)
2018-07-02 22:21:33.598  INFO 60944 --- [           main] s.b.a.e.w.s.WebMvcEndpointHandlerMapping : Mapped "{[/actuator/loggers],methods=[GET],produces=[application/vnd.spring-boot.actuator.v2+json || application/json]}" onto public java.lang.Object org.springframework.boot.actuate.endpoint.web.servlet.AbstractWebMvcEndpointHandlerMapping$OperationHandler.handle(javax.servlet.http.HttpServletRequest,java.util.Map<java.lang.String, java.lang.String>)
2018-07-02 22:21:33.599  INFO 60944 --- [           main] s.b.a.e.w.s.WebMvcEndpointHandlerMapping : Mapped "{[/actuator/loggers/{name}],methods=[GET],produces=[application/vnd.spring-boot.actuator.v2+json || application/json]}" onto public java.lang.Object org.springframework.boot.actuate.endpoint.web.servlet.AbstractWebMvcEndpointHandlerMapping$OperationHandler.handle(javax.servlet.http.HttpServletRequest,java.util.Map<java.lang.String, java.lang.String>)
2018-07-02 22:21:33.600  INFO 60944 --- [           main] s.b.a.e.w.s.WebMvcEndpointHandlerMapping : Mapped "{[/actuator/loggers/{name}],methods=[POST],consumes=[application/vnd.spring-boot.actuator.v2+json || application/json]}" onto public java.lang.Object org.springframework.boot.actuate.endpoint.web.servlet.AbstractWebMvcEndpointHandlerMapping$OperationHandler.handle(javax.servlet.http.HttpServletRequest,java.util.Map<java.lang.String, java.lang.String>)
2018-07-02 22:21:33.600  INFO 60944 --- [           main] s.b.a.e.w.s.WebMvcEndpointHandlerMapping : Mapped "{[/actuator/heapdump],methods=[GET],produces=[application/octet-stream]}" onto public java.lang.Object org.springframework.boot.actuate.endpoint.web.servlet.AbstractWebMvcEndpointHandlerMapping$OperationHandler.handle(javax.servlet.http.HttpServletRequest,java.util.Map<java.lang.String, java.lang.String>)
2018-07-02 22:21:33.601  INFO 60944 --- [           main] s.b.a.e.w.s.WebMvcEndpointHandlerMapping : Mapped "{[/actuator/threaddump],methods=[GET],produces=[application/vnd.spring-boot.actuator.v2+json || application/json]}" onto public java.lang.Object org.springframework.boot.actuate.endpoint.web.servlet.AbstractWebMvcEndpointHandlerMapping$OperationHandler.handle(javax.servlet.http.HttpServletRequest,java.util.Map<java.lang.String, java.lang.String>)
2018-07-02 22:21:33.602  INFO 60944 --- [           main] s.b.a.e.w.s.WebMvcEndpointHandlerMapping : Mapped "{[/actuator/prometheus],methods=[GET],produces=[text/plain;version=0.0.4;charset=utf-8]}" onto public java.lang.Object org.springframework.boot.actuate.endpoint.web.servlet.AbstractWebMvcEndpointHandlerMapping$OperationHandler.handle(javax.servlet.http.HttpServletRequest,java.util.Map<java.lang.String, java.lang.String>)
2018-07-02 22:21:33.602  INFO 60944 --- [           main] s.b.a.e.w.s.WebMvcEndpointHandlerMapping : Mapped "{[/actuator/metrics/{requiredMetricName}],methods=[GET],produces=[application/vnd.spring-boot.actuator.v2+json || application/json]}" onto public java.lang.Object org.springframework.boot.actuate.endpoint.web.servlet.AbstractWebMvcEndpointHandlerMapping$OperationHandler.handle(javax.servlet.http.HttpServletRequest,java.util.Map<java.lang.String, java.lang.String>)
2018-07-02 22:21:33.603  INFO 60944 --- [           main] s.b.a.e.w.s.WebMvcEndpointHandlerMapping : Mapped "{[/actuator/metrics],methods=[GET],produces=[application/vnd.spring-boot.actuator.v2+json || application/json]}" onto public java.lang.Object org.springframework.boot.actuate.endpoint.web.servlet.AbstractWebMvcEndpointHandlerMapping$OperationHandler.handle(javax.servlet.http.HttpServletRequest,java.util.Map<java.lang.String, java.lang.String>)
2018-07-02 22:21:33.604  INFO 60944 --- [           main] s.b.a.e.w.s.WebMvcEndpointHandlerMapping : Mapped "{[/actuator/scheduledtasks],methods=[GET],produces=[application/vnd.spring-boot.actuator.v2+json || application/json]}" onto public java.lang.Object org.springframework.boot.actuate.endpoint.web.servlet.AbstractWebMvcEndpointHandlerMapping$OperationHandler.handle(javax.servlet.http.HttpServletRequest,java.util.Map<java.lang.String, java.lang.String>)
2018-07-02 22:21:33.605  INFO 60944 --- [           main] s.b.a.e.w.s.WebMvcEndpointHandlerMapping : Mapped "{[/actuator/httptrace],methods=[GET],produces=[application/vnd.spring-boot.actuator.v2+json || application/json]}" onto public java.lang.Object org.springframework.boot.actuate.endpoint.web.servlet.AbstractWebMvcEndpointHandlerMapping$OperationHandler.handle(javax.servlet.http.HttpServletRequest,java.util.Map<java.lang.String, java.lang.String>)
2018-07-02 22:21:33.606  INFO 60944 --- [           main] s.b.a.e.w.s.WebMvcEndpointHandlerMapping : Mapped "{[/actuator/mappings],methods=[GET],produces=[application/vnd.spring-boot.actuator.v2+json || application/json]}" onto public java.lang.Object org.springframework.boot.actuate.endpoint.web.servlet.AbstractWebMvcEndpointHandlerMapping$OperationHandler.handle(javax.servlet.http.HttpServletRequest,java.util.Map<java.lang.String, java.lang.String>)
2018-07-02 22:21:33.607  INFO 60944 --- [           main] s.b.a.e.w.s.WebMvcEndpointHandlerMapping : Mapped "{[/actuator],methods=[GET],produces=[application/vnd.spring-boot.actuator.v2+json || application/json]}" onto protected java.util.Map<java.lang.String, java.util.Map<java.lang.String, org.springframework.boot.actuate.endpoint.web.Link>> org.springframework.boot.actuate.endpoint.web.servlet.WebMvcEndpointHandlerMapping.links(javax.servlet.http.HttpServletRequest,javax.servlet.http.HttpServletResponse)
2018-07-02 22:21:33.731  INFO 60944 --- [           main] o.s.j.e.a.AnnotationMBeanExporter        : Registering beans for JMX exposure on startup
2018-07-02 22:21:34.060  INFO 60944 --- [           main] o.s.b.w.e.u.UndertowServletWebServer     : Undertow started on port(s) 9411 (http) with context path ''
2018-07-02 22:21:34.067  INFO 60944 --- [           main] z.s.ZipkinServer                         : Started ZipkinServer in 14.963 seconds (JVM running for 19.916)
                                    ********
                                  **        **
                                 *            *
                                **            **
                                **            **
                                 **          **
                                  **        **
                                    ********
                                      ****
                                      ****
        ****                          ****
     ******                           ****                                 ***
  ****************************************************************************
    *******                           ****                                 ***
        ****                          ****
                                       **
                                       **


             *****      **     *****     ** **       **     **   **
               **       **     **  *     ***         **     **** **
              **        **     *****     ****        **     **  ***
             ******     **     **        **  **      **     **   **

:: Powered by Spring Boot ::         (v2.0.3.RELEASE)

2018-07-02 22:43:23.322  INFO 61122 --- [           main] z.s.ZipkinServer                         : Starting ZipkinServer on liyijundeMacBook-Air.local with PID 61122 (/Users/darlenelee/Documents/sjtu17/SE417/springcloud-tut/springcloud-hw/zipkin.jar started by darlenelee in /Users/darlenelee/Documents/sjtu17/SE417/springcloud-tut/springcloud-hw)
2018-07-02 22:43:23.332  INFO 61122 --- [           main] z.s.ZipkinServer                         : The following profiles are active: shared
2018-07-02 22:43:23.485  INFO 61122 --- [           main] ConfigServletWebServerApplicationContext : Refreshing org.springframework.boot.web.servlet.context.AnnotationConfigServletWebServerApplicationContext@53b32d7: startup date [Mon Jul 02 22:43:23 CST 2018]; root of context hierarchy
2018-07-02 22:43:25.687  INFO 61122 --- [           main] o.s.b.f.s.DefaultListableBeanFactory     : Overriding bean definition for bean 'characterEncodingFilter' with a different definition: replacing [Root bean: class [null]; scope=; abstract=false; lazyInit=false; autowireMode=3; dependencyCheck=0; autowireCandidate=true; primary=false; factoryBeanName=org.springframework.boot.autoconfigure.web.servlet.HttpEncodingAutoConfiguration; factoryMethodName=characterEncodingFilter; initMethodName=null; destroyMethodName=(inferred); defined in class path resource [org/springframework/boot/autoconfigure/web/servlet/HttpEncodingAutoConfiguration.class]] with [Root bean: class [null]; scope=; abstract=false; lazyInit=false; autowireMode=3; dependencyCheck=0; autowireCandidate=true; primary=false; factoryBeanName=zipkin.autoconfigure.ui.ZipkinUiAutoConfiguration; factoryMethodName=characterEncodingFilter; initMethodName=null; destroyMethodName=(inferred); defined in class path resource [zipkin/autoconfigure/ui/ZipkinUiAutoConfiguration.class]]
2018-07-02 22:43:27.893  INFO 61122 --- [           main] o.xnio                                   : XNIO version 3.3.8.Final
2018-07-02 22:43:27.934  INFO 61122 --- [           main] o.x.nio                                  : XNIO NIO Implementation Version 3.3.8.Final
2018-07-02 22:43:28.241  WARN 61122 --- [           main] i.u.w.jsr                                : UT026009: XNIO worker was not set on WebSocketDeploymentInfo, the default worker will be used
2018-07-02 22:43:28.242  WARN 61122 --- [           main] i.u.w.jsr                                : UT026010: Buffer pool was not set on WebSocketDeploymentInfo, the default pool will be used
2018-07-02 22:43:28.298  INFO 61122 --- [           main] i.u.servlet                              : Initializing Spring embedded WebApplicationContext
2018-07-02 22:43:28.299  INFO 61122 --- [           main] o.s.w.c.ContextLoader                    : Root WebApplicationContext: initialization completed in 4825 ms
2018-07-02 22:43:29.629  INFO 61122 --- [           main] o.s.b.w.s.ServletRegistrationBean        : Servlet dispatcherServlet mapped to [/]
2018-07-02 22:43:29.647  INFO 61122 --- [           main] o.s.b.w.s.FilterRegistrationBean         : Mapping filter: 'hiddenHttpMethodFilter' to: [/*]
2018-07-02 22:43:29.649  INFO 61122 --- [           main] o.s.b.w.s.FilterRegistrationBean         : Mapping filter: 'httpPutFormContentFilter' to: [/*]
2018-07-02 22:43:29.649  INFO 61122 --- [           main] o.s.b.w.s.FilterRegistrationBean         : Mapping filter: 'requestContextFilter' to: [/*]
2018-07-02 22:43:29.649  INFO 61122 --- [           main] o.s.b.w.s.FilterRegistrationBean         : Mapping filter: 'httpTraceFilter' to: [/*]
2018-07-02 22:43:29.650  INFO 61122 --- [           main] o.s.b.w.s.FilterRegistrationBean         : Mapping filter: 'webMvcMetricsFilter' to: [/*]
2018-07-02 22:43:29.650  INFO 61122 --- [           main] o.s.b.w.s.FilterRegistrationBean         : Mapping filter: 'characterEncodingFilter' to: [/*]
2018-07-02 22:43:30.853  INFO 61122 --- [           main] s.w.s.m.m.a.RequestMappingHandlerAdapter : Looking for @ControllerAdvice: org.springframework.boot.web.servlet.context.AnnotationConfigServletWebServerApplicationContext@53b32d7: startup date [Mon Jul 02 22:43:23 CST 2018]; root of context hierarchy
2018-07-02 22:43:31.092  INFO 61122 --- [           main] s.w.s.m.m.a.RequestMappingHandlerMapping : Mapped "{[/api/v1/dependencies],methods=[GET],produces=[application/json]}" onto public byte[] zipkin.server.internal.ZipkinQueryApiV1.getDependencies(long,java.lang.Long)
2018-07-02 22:43:31.094  INFO 61122 --- [           main] s.w.s.m.m.a.RequestMappingHandlerMapping : Mapped "{[/api/v1/services],methods=[GET]}" onto public org.springframework.http.ResponseEntity<java.util.List<java.lang.String>> zipkin.server.internal.ZipkinQueryApiV1.getServiceNames()
2018-07-02 22:43:31.095  INFO 61122 --- [           main] s.w.s.m.m.a.RequestMappingHandlerMapping : Mapped "{[/api/v1/spans],methods=[GET]}" onto public org.springframework.http.ResponseEntity<java.util.List<java.lang.String>> zipkin.server.internal.ZipkinQueryApiV1.getSpanNames(java.lang.String)
2018-07-02 22:43:31.096  INFO 61122 --- [           main] s.w.s.m.m.a.RequestMappingHandlerMapping : Mapped "{[/api/v1/traces],methods=[GET],produces=[application/json]}" onto public java.lang.String zipkin.server.internal.ZipkinQueryApiV1.getTraces(java.lang.String,java.lang.String,java.lang.String,java.lang.Long,java.lang.Long,java.lang.Long,java.lang.Long,java.lang.Integer)
2018-07-02 22:43:31.096  INFO 61122 --- [           main] s.w.s.m.m.a.RequestMappingHandlerMapping : Mapped "{[/api/v1/trace/{traceIdHex}],methods=[GET],produces=[application/json]}" onto public java.lang.String zipkin.server.internal.ZipkinQueryApiV1.getTrace(java.lang.String,org.springframework.web.context.request.WebRequest)
2018-07-02 22:43:31.102  INFO 61122 --- [           main] s.w.s.m.m.a.RequestMappingHandlerMapping : Mapped "{[/metrics],methods=[GET]}" onto public com.fasterxml.jackson.databind.node.ObjectNode zipkin.server.internal.MetricsHealthController.fetchMetricsFromMicrometer()
2018-07-02 22:43:31.102  INFO 61122 --- [           main] s.w.s.m.m.a.RequestMappingHandlerMapping : Mapped "{[/health],methods=[GET]}" onto public org.springframework.http.ResponseEntity<java.util.Map> zipkin.server.internal.MetricsHealthController.getHealth()
2018-07-02 22:43:31.107  INFO 61122 --- [           main] s.w.s.m.m.a.RequestMappingHandlerMapping : Mapped "{[/api/v2/dependencies],methods=[GET],produces=[application/json]}" onto public byte[] zipkin.server.internal.ZipkinQueryApiV2.getDependencies(long,java.lang.Long) throws java.io.IOException
2018-07-02 22:43:31.108  INFO 61122 --- [           main] s.w.s.m.m.a.RequestMappingHandlerMapping : Mapped "{[/api/v2/services],methods=[GET]}" onto public org.springframework.http.ResponseEntity<java.util.List<java.lang.String>> zipkin.server.internal.ZipkinQueryApiV2.getServiceNames() throws java.io.IOException
2018-07-02 22:43:31.109  INFO 61122 --- [           main] s.w.s.m.m.a.RequestMappingHandlerMapping : Mapped "{[/api/v2/spans],methods=[GET]}" onto public org.springframework.http.ResponseEntity<java.util.List<java.lang.String>> zipkin.server.internal.ZipkinQueryApiV2.getSpanNames(java.lang.String) throws java.io.IOException
2018-07-02 22:43:31.110  INFO 61122 --- [           main] s.w.s.m.m.a.RequestMappingHandlerMapping : Mapped "{[/api/v2/traces],methods=[GET],produces=[application/json]}" onto public java.lang.String zipkin.server.internal.ZipkinQueryApiV2.getTraces(java.lang.String,java.lang.String,java.lang.String,java.lang.Long,java.lang.Long,java.lang.Long,java.lang.Long,int) throws java.io.IOException
2018-07-02 22:43:31.110  INFO 61122 --- [           main] s.w.s.m.m.a.RequestMappingHandlerMapping : Mapped "{[/api/v2/trace/{traceIdHex}],methods=[GET],produces=[application/json]}" onto public java.lang.String zipkin.server.internal.ZipkinQueryApiV2.getTrace(java.lang.String,org.springframework.web.context.request.WebRequest) throws java.io.IOException
2018-07-02 22:43:31.135  INFO 61122 --- [           main] s.w.s.m.m.a.RequestMappingHandlerMapping : Mapped "{[/error]}" onto public org.springframework.http.ResponseEntity<java.util.Map<java.lang.String, java.lang.Object>> org.springframework.boot.autoconfigure.web.servlet.error.BasicErrorController.error(javax.servlet.http.HttpServletRequest)
2018-07-02 22:43:31.137  INFO 61122 --- [           main] s.w.s.m.m.a.RequestMappingHandlerMapping : Mapped "{[/error],produces=[text/html]}" onto public org.springframework.web.servlet.ModelAndView org.springframework.boot.autoconfigure.web.servlet.error.BasicErrorController.errorHtml(javax.servlet.http.HttpServletRequest,javax.servlet.http.HttpServletResponse)
2018-07-02 22:43:31.150  INFO 61122 --- [           main] s.w.s.m.m.a.RequestMappingHandlerMapping : Mapped "{[/zipkin/config.json],methods=[GET]}" onto public org.springframework.http.ResponseEntity<zipkin.autoconfigure.ui.ZipkinUiProperties> zipkin.autoconfigure.ui.ZipkinUiAutoConfiguration.serveUiConfig()
2018-07-02 22:43:31.151  INFO 61122 --- [           main] s.w.s.m.m.a.RequestMappingHandlerMapping : Mapped "{[/zipkin/index.html],methods=[GET]}" onto public org.springframework.http.ResponseEntity<?> zipkin.autoconfigure.ui.ZipkinUiAutoConfiguration.serveIndex() throws java.io.IOException
2018-07-02 22:43:31.151  INFO 61122 --- [           main] s.w.s.m.m.a.RequestMappingHandlerMapping : Mapped "{[/zipkin/ || /zipkin/traces/{id} || /zipkin/dependency || /zipkin/traceViewer],methods=[GET]}" onto public org.springframework.web.servlet.ModelAndView zipkin.autoconfigure.ui.ZipkinUiAutoConfiguration.forwardUiEndpoints()
2018-07-02 22:43:31.153  INFO 61122 --- [           main] s.w.s.m.m.a.RequestMappingHandlerMapping : Mapped "{[/zipkin/api/**],methods=[GET]}" onto public org.springframework.web.servlet.ModelAndView zipkin.autoconfigure.ui.ZipkinUiAutoConfiguration.forwardApi(javax.servlet.http.HttpServletRequest)
2018-07-02 22:43:31.154  INFO 61122 --- [           main] s.w.s.m.m.a.RequestMappingHandlerMapping : Mapped "{[/favicon.ico],methods=[GET]}" onto public org.springframework.web.servlet.ModelAndView zipkin.autoconfigure.ui.ZipkinUiAutoConfiguration.favicon()
2018-07-02 22:43:31.154  INFO 61122 --- [           main] s.w.s.m.m.a.RequestMappingHandlerMapping : Mapped "{[/],methods=[GET]}" onto public void zipkin.autoconfigure.ui.ZipkinUiAutoConfiguration.redirectRoot(javax.servlet.http.HttpServletResponse) throws java.io.IOException
2018-07-02 22:43:31.205  INFO 61122 --- [           main] o.s.w.s.h.SimpleUrlHandlerMapping        : Mapped URL path [/info] onto handler of type [class org.springframework.web.servlet.mvc.ParameterizableViewController]
2018-07-02 22:43:31.205  INFO 61122 --- [           main] o.s.w.s.h.SimpleUrlHandlerMapping        : Mapped URL path [/prometheus] onto handler of type [class org.springframework.web.servlet.mvc.ParameterizableViewController]
2018-07-02 22:43:31.250  INFO 61122 --- [           main] o.s.w.s.h.SimpleUrlHandlerMapping        : Mapped URL path [/webjars/**] onto handler of type [class org.springframework.web.servlet.resource.ResourceHttpRequestHandler]
2018-07-02 22:43:31.250  INFO 61122 --- [           main] o.s.w.s.h.SimpleUrlHandlerMapping        : Mapped URL path [/**] onto handler of type [class org.springframework.web.servlet.resource.ResourceHttpRequestHandler]
2018-07-02 22:43:31.250  INFO 61122 --- [           main] o.s.w.s.h.SimpleUrlHandlerMapping        : Mapped URL path [/zipkin/**] onto handler of type [class org.springframework.web.servlet.resource.ResourceHttpRequestHandler]
2018-07-02 22:43:32.241  INFO 61122 --- [           main] c.d.d.core                               : DataStax Java driver 3.5.0 for Apache Cassandra
2018-07-02 22:43:32.270  INFO 61122 --- [           main] c.d.d.c.GuavaCompatibility               : Detected Guava >= 19 in the classpath, using modern compatibility layer
2018-07-02 22:43:33.004  INFO 61122 --- [           main] c.d.d.c.ClockFactory                     : Using native clock to generate timestamps.
2018-07-02 22:43:33.363  INFO 61122 --- [           main] o.s.b.a.e.w.EndpointLinksResolver        : Exposing 15 endpoint(s) beneath base path '/actuator'
2018-07-02 22:43:33.427  INFO 61122 --- [           main] s.b.a.e.w.s.WebMvcEndpointHandlerMapping : Mapped "{[/actuator/auditevents],methods=[GET],produces=[application/vnd.spring-boot.actuator.v2+json || application/json]}" onto public java.lang.Object org.springframework.boot.actuate.endpoint.web.servlet.AbstractWebMvcEndpointHandlerMapping$OperationHandler.handle(javax.servlet.http.HttpServletRequest,java.util.Map<java.lang.String, java.lang.String>)
2018-07-02 22:43:33.435  INFO 61122 --- [           main] s.b.a.e.w.s.WebMvcEndpointHandlerMapping : Mapped "{[/actuator/beans],methods=[GET],produces=[application/vnd.spring-boot.actuator.v2+json || application/json]}" onto public java.lang.Object org.springframework.boot.actuate.endpoint.web.servlet.AbstractWebMvcEndpointHandlerMapping$OperationHandler.handle(javax.servlet.http.HttpServletRequest,java.util.Map<java.lang.String, java.lang.String>)
2018-07-02 22:43:33.436  INFO 61122 --- [           main] s.b.a.e.w.s.WebMvcEndpointHandlerMapping : Mapped "{[/actuator/health],methods=[GET],produces=[application/vnd.spring-boot.actuator.v2+json || application/json]}" onto public java.lang.Object org.springframework.boot.actuate.endpoint.web.servlet.AbstractWebMvcEndpointHandlerMapping$OperationHandler.handle(javax.servlet.http.HttpServletRequest,java.util.Map<java.lang.String, java.lang.String>)
2018-07-02 22:43:33.436  INFO 61122 --- [           main] s.b.a.e.w.s.WebMvcEndpointHandlerMapping : Mapped "{[/actuator/conditions],methods=[GET],produces=[application/vnd.spring-boot.actuator.v2+json || application/json]}" onto public java.lang.Object org.springframework.boot.actuate.endpoint.web.servlet.AbstractWebMvcEndpointHandlerMapping$OperationHandler.handle(javax.servlet.http.HttpServletRequest,java.util.Map<java.lang.String, java.lang.String>)
2018-07-02 22:43:33.437  INFO 61122 --- [           main] s.b.a.e.w.s.WebMvcEndpointHandlerMapping : Mapped "{[/actuator/configprops],methods=[GET],produces=[application/vnd.spring-boot.actuator.v2+json || application/json]}" onto public java.lang.Object org.springframework.boot.actuate.endpoint.web.servlet.AbstractWebMvcEndpointHandlerMapping$OperationHandler.handle(javax.servlet.http.HttpServletRequest,java.util.Map<java.lang.String, java.lang.String>)
2018-07-02 22:43:33.438  INFO 61122 --- [           main] s.b.a.e.w.s.WebMvcEndpointHandlerMapping : Mapped "{[/actuator/env],methods=[GET],produces=[application/vnd.spring-boot.actuator.v2+json || application/json]}" onto public java.lang.Object org.springframework.boot.actuate.endpoint.web.servlet.AbstractWebMvcEndpointHandlerMapping$OperationHandler.handle(javax.servlet.http.HttpServletRequest,java.util.Map<java.lang.String, java.lang.String>)
2018-07-02 22:43:33.438  INFO 61122 --- [           main] s.b.a.e.w.s.WebMvcEndpointHandlerMapping : Mapped "{[/actuator/env/{toMatch}],methods=[GET],produces=[application/vnd.spring-boot.actuator.v2+json || application/json]}" onto public java.lang.Object org.springframework.boot.actuate.endpoint.web.servlet.AbstractWebMvcEndpointHandlerMapping$OperationHandler.handle(javax.servlet.http.HttpServletRequest,java.util.Map<java.lang.String, java.lang.String>)
2018-07-02 22:43:33.439  INFO 61122 --- [           main] s.b.a.e.w.s.WebMvcEndpointHandlerMapping : Mapped "{[/actuator/info],methods=[GET],produces=[application/vnd.spring-boot.actuator.v2+json || application/json]}" onto public java.lang.Object org.springframework.boot.actuate.endpoint.web.servlet.AbstractWebMvcEndpointHandlerMapping$OperationHandler.handle(javax.servlet.http.HttpServletRequest,java.util.Map<java.lang.String, java.lang.String>)
2018-07-02 22:43:33.440  INFO 61122 --- [           main] s.b.a.e.w.s.WebMvcEndpointHandlerMapping : Mapped "{[/actuator/loggers/{name}],methods=[GET],produces=[application/vnd.spring-boot.actuator.v2+json || application/json]}" onto public java.lang.Object org.springframework.boot.actuate.endpoint.web.servlet.AbstractWebMvcEndpointHandlerMapping$OperationHandler.handle(javax.servlet.http.HttpServletRequest,java.util.Map<java.lang.String, java.lang.String>)
2018-07-02 22:43:33.441  INFO 61122 --- [           main] s.b.a.e.w.s.WebMvcEndpointHandlerMapping : Mapped "{[/actuator/loggers/{name}],methods=[POST],consumes=[application/vnd.spring-boot.actuator.v2+json || application/json]}" onto public java.lang.Object org.springframework.boot.actuate.endpoint.web.servlet.AbstractWebMvcEndpointHandlerMapping$OperationHandler.handle(javax.servlet.http.HttpServletRequest,java.util.Map<java.lang.String, java.lang.String>)
2018-07-02 22:43:33.442  INFO 61122 --- [           main] s.b.a.e.w.s.WebMvcEndpointHandlerMapping : Mapped "{[/actuator/loggers],methods=[GET],produces=[application/vnd.spring-boot.actuator.v2+json || application/json]}" onto public java.lang.Object org.springframework.boot.actuate.endpoint.web.servlet.AbstractWebMvcEndpointHandlerMapping$OperationHandler.handle(javax.servlet.http.HttpServletRequest,java.util.Map<java.lang.String, java.lang.String>)
2018-07-02 22:43:33.442  INFO 61122 --- [           main] s.b.a.e.w.s.WebMvcEndpointHandlerMapping : Mapped "{[/actuator/heapdump],methods=[GET],produces=[application/octet-stream]}" onto public java.lang.Object org.springframework.boot.actuate.endpoint.web.servlet.AbstractWebMvcEndpointHandlerMapping$OperationHandler.handle(javax.servlet.http.HttpServletRequest,java.util.Map<java.lang.String, java.lang.String>)
2018-07-02 22:43:33.443  INFO 61122 --- [           main] s.b.a.e.w.s.WebMvcEndpointHandlerMapping : Mapped "{[/actuator/threaddump],methods=[GET],produces=[application/vnd.spring-boot.actuator.v2+json || application/json]}" onto public java.lang.Object org.springframework.boot.actuate.endpoint.web.servlet.AbstractWebMvcEndpointHandlerMapping$OperationHandler.handle(javax.servlet.http.HttpServletRequest,java.util.Map<java.lang.String, java.lang.String>)
2018-07-02 22:43:33.443  INFO 61122 --- [           main] s.b.a.e.w.s.WebMvcEndpointHandlerMapping : Mapped "{[/actuator/prometheus],methods=[GET],produces=[text/plain;version=0.0.4;charset=utf-8]}" onto public java.lang.Object org.springframework.boot.actuate.endpoint.web.servlet.AbstractWebMvcEndpointHandlerMapping$OperationHandler.handle(javax.servlet.http.HttpServletRequest,java.util.Map<java.lang.String, java.lang.String>)
2018-07-02 22:43:33.444  INFO 61122 --- [           main] s.b.a.e.w.s.WebMvcEndpointHandlerMapping : Mapped "{[/actuator/metrics/{requiredMetricName}],methods=[GET],produces=[application/vnd.spring-boot.actuator.v2+json || application/json]}" onto public java.lang.Object org.springframework.boot.actuate.endpoint.web.servlet.AbstractWebMvcEndpointHandlerMapping$OperationHandler.handle(javax.servlet.http.HttpServletRequest,java.util.Map<java.lang.String, java.lang.String>)
2018-07-02 22:43:33.444  INFO 61122 --- [           main] s.b.a.e.w.s.WebMvcEndpointHandlerMapping : Mapped "{[/actuator/metrics],methods=[GET],produces=[application/vnd.spring-boot.actuator.v2+json || application/json]}" onto public java.lang.Object org.springframework.boot.actuate.endpoint.web.servlet.AbstractWebMvcEndpointHandlerMapping$OperationHandler.handle(javax.servlet.http.HttpServletRequest,java.util.Map<java.lang.String, java.lang.String>)
2018-07-02 22:43:33.445  INFO 61122 --- [           main] s.b.a.e.w.s.WebMvcEndpointHandlerMapping : Mapped "{[/actuator/scheduledtasks],methods=[GET],produces=[application/vnd.spring-boot.actuator.v2+json || application/json]}" onto public java.lang.Object org.springframework.boot.actuate.endpoint.web.servlet.AbstractWebMvcEndpointHandlerMapping$OperationHandler.handle(javax.servlet.http.HttpServletRequest,java.util.Map<java.lang.String, java.lang.String>)
2018-07-02 22:43:33.446  INFO 61122 --- [           main] s.b.a.e.w.s.WebMvcEndpointHandlerMapping : Mapped "{[/actuator/httptrace],methods=[GET],produces=[application/vnd.spring-boot.actuator.v2+json || application/json]}" onto public java.lang.Object org.springframework.boot.actuate.endpoint.web.servlet.AbstractWebMvcEndpointHandlerMapping$OperationHandler.handle(javax.servlet.http.HttpServletRequest,java.util.Map<java.lang.String, java.lang.String>)
2018-07-02 22:43:33.447  INFO 61122 --- [           main] s.b.a.e.w.s.WebMvcEndpointHandlerMapping : Mapped "{[/actuator/mappings],methods=[GET],produces=[application/vnd.spring-boot.actuator.v2+json || application/json]}" onto public java.lang.Object org.springframework.boot.actuate.endpoint.web.servlet.AbstractWebMvcEndpointHandlerMapping$OperationHandler.handle(javax.servlet.http.HttpServletRequest,java.util.Map<java.lang.String, java.lang.String>)
2018-07-02 22:43:33.449  INFO 61122 --- [           main] s.b.a.e.w.s.WebMvcEndpointHandlerMapping : Mapped "{[/actuator],methods=[GET],produces=[application/vnd.spring-boot.actuator.v2+json || application/json]}" onto protected java.util.Map<java.lang.String, java.util.Map<java.lang.String, org.springframework.boot.actuate.endpoint.web.Link>> org.springframework.boot.actuate.endpoint.web.servlet.WebMvcEndpointHandlerMapping.links(javax.servlet.http.HttpServletRequest,javax.servlet.http.HttpServletResponse)
2018-07-02 22:43:33.651  INFO 61122 --- [           main] o.s.j.e.a.AnnotationMBeanExporter        : Registering beans for JMX exposure on startup
2018-07-02 22:43:33.891  INFO 61122 --- [           main] o.s.b.w.e.u.UndertowServletWebServer     : Undertow started on port(s) 9411 (http) with context path ''
2018-07-02 22:43:33.901  INFO 61122 --- [           main] z.s.ZipkinServer                         : Started ZipkinServer in 12.031 seconds (JVM running for 14.143)
2018-07-02 22:43:51.823  INFO 61122 --- [  XNIO-2 task-1] i.u.servlet                              : Initializing Spring FrameworkServlet 'dispatcherServlet'
2018-07-02 22:43:51.826  INFO 61122 --- [  XNIO-2 task-1] o.s.w.s.DispatcherServlet                : FrameworkServlet 'dispatcherServlet': initialization started
2018-07-02 22:43:51.898  INFO 61122 --- [  XNIO-2 task-1] o.s.w.s.DispatcherServlet                : FrameworkServlet 'dispatcherServlet': initialization completed in 71 ms
